[debug] [2024-12-05T18:51:56.710Z] ----------------------------------------------------------------------
[debug] [2024-12-05T18:51:56.712Z] Command:       D:\node\node.exe D:\node\node_modules\firebase-tools\lib\bin\firebase.js emulators:start
[debug] [2024-12-05T18:51:56.712Z] CLI Version:   13.27.0
[debug] [2024-12-05T18:51:56.712Z] Platform:      win32
[debug] [2024-12-05T18:51:56.712Z] Node Version:  v22.11.0
[debug] [2024-12-05T18:51:56.712Z] Time:          Fri Dec 06 2024 02:51:56 GMT+0800 (中国标准时间)
[debug] [2024-12-05T18:51:56.712Z] ----------------------------------------------------------------------
[debug] 
[debug] [2024-12-05T18:51:56.774Z] > command requires scopes: ["email","openid","https://www.googleapis.com/auth/cloudplatformprojects.readonly","https://www.googleapis.com/auth/firebase","https://www.googleapis.com/auth/cloud-platform"]
[debug] [2024-12-05T18:51:56.774Z] > authorizing via signed-in user (zen.wistalia.kurarinesu@gmail.com)
[debug] [2024-12-05T18:51:56.908Z] java version "11.0.1" 2018-10-16 LTS

[debug] [2024-12-05T18:51:56.908Z] Java(TM) SE Runtime Environment 18.9 (build 11.0.1+13-LTS)
Java HotSpot(TM) 64-Bit Server VM 18.9 (build 11.0.1+13-LTS, mixed mode)

[debug] [2024-12-05T18:51:56.923Z] Parsed Java major version: 11
[info] i  emulators: Starting emulators: hosting, storage {"metadata":{"emulator":{"name":"hub"},"message":"Starting emulators: hosting, storage"}}
[debug] [2024-12-05T18:51:56.930Z] [logging] Logging Emulator only supports listening on one address (127.0.0.1). Not listening on ::1
[debug] [2024-12-05T18:51:56.930Z] [hosting] Hosting Emulator only supports listening on one address (127.0.0.1). Not listening on ::1
[debug] [2024-12-05T18:51:56.930Z] [storage] Storage Emulator only supports listening on one address (127.0.0.1). Not listening on ::1
[debug] [2024-12-05T18:51:56.930Z] assigned listening specs for emulators {"user":{"hub":[{"address":"127.0.0.1","family":"IPv4","port":4400},{"address":"::1","family":"IPv6","port":4400}],"ui":[{"address":"127.0.0.1","family":"IPv4","port":4000},{"address":"::1","family":"IPv6","port":4000}],"logging":[{"address":"127.0.0.1","family":"IPv4","port":4500}],"hosting":[{"address":"127.0.0.1","family":"IPv4","port":5000}],"storage":[{"address":"127.0.0.1","family":"IPv4","port":9199}]},"metadata":{"message":"assigned listening specs for emulators"}}
[debug] [2024-12-05T18:51:56.934Z] [hub] writing locator at C:\Users\ADMINI~1.DES\AppData\Local\Temp\hub-sign-language-ai-78060.json
[info] i  storage: downloading cloud-storage-rules-runtime-v1.1.3.jar... {"metadata":{"emulator":{"name":"storage"},"message":"downloading cloud-storage-rules-runtime-v1.1.3.jar..."}}
[debug] [2024-12-05T18:51:56.942Z] >>> [apiv2][query] GET https://storage.googleapis.com/firebase-preview-drop/emulator/cloud-storage-rules-runtime-v1.1.3.jar 
[debug] [2024-12-05T18:51:57.307Z] <<< [apiv2][status] GET https://storage.googleapis.com/firebase-preview-drop/emulator/cloud-storage-rules-runtime-v1.1.3.jar 200
[debug] [2024-12-05T18:51:57.307Z] <<< [apiv2][body] GET https://storage.googleapis.com/firebase-preview-drop/emulator/cloud-storage-rules-runtime-v1.1.3.jar [stream]
[debug] [2024-12-05T18:52:06.608Z] Ignoring unsupported arg: port {"metadata":{"emulator":{"name":"storage"},"message":"Ignoring unsupported arg: port"}}
[debug] [2024-12-05T18:52:07.111Z] Temp file directory for storage emulator: C:\Users\ADMINI~1.DES\AppData\Local\Temp/firebase/storage/blobs {"metadata":{"emulator":{"name":"storage"},"message":"Temp file directory for storage emulator: C:\\Users\\ADMINI~1.DES\\AppData\\Local\\Temp/firebase/storage/blobs"}}
[debug] [2024-12-05T18:52:07.121Z] Checked if tokens are valid: true, expires at: 1733427678839
[debug] [2024-12-05T18:52:07.121Z] Checked if tokens are valid: true, expires at: 1733427678839
[debug] [2024-12-05T18:52:07.122Z] >>> [apiv2][query] GET https://firebasehosting.googleapis.com/v1beta1/projects/sign-language-ai-78060/sites 
[debug] [2024-12-05T18:52:07.697Z] <<< [apiv2][status] GET https://firebasehosting.googleapis.com/v1beta1/projects/sign-language-ai-78060/sites 200
[debug] [2024-12-05T18:52:07.698Z] <<< [apiv2][body] GET https://firebasehosting.googleapis.com/v1beta1/projects/sign-language-ai-78060/sites {"sites":[{"name":"projects/sign-language-ai-78060/sites/sign-language-ai-78060","defaultUrl":"https://sign-language-ai-78060.web.app","type":"DEFAULT_SITE"},{"name":"projects/sign-language-ai-78060/sites/sign-language-ai-78060-58563","defaultUrl":"https://sign-language-ai-78060-58563.web.app","appId":"1:3221341815:web:845ca3f45d086a840ee872","type":"USER_SITE"}]}
[debug] [2024-12-05T18:52:07.698Z] Checked if tokens are valid: true, expires at: 1733427678839
[debug] [2024-12-05T18:52:07.698Z] Checked if tokens are valid: true, expires at: 1733427678839
[debug] [2024-12-05T18:52:07.698Z] >>> [apiv2][query] GET https://firebase.googleapis.com/v1beta1/projects/sign-language-ai-78060/webApps/-/config [none]
[debug] [2024-12-05T18:52:08.710Z] <<< [apiv2][status] GET https://firebase.googleapis.com/v1beta1/projects/sign-language-ai-78060/webApps/-/config 200
[debug] [2024-12-05T18:52:08.710Z] <<< [apiv2][body] GET https://firebase.googleapis.com/v1beta1/projects/sign-language-ai-78060/webApps/-/config {"projectId":"sign-language-ai-78060","appId":"1:3221341815:web:845ca3f45d086a840ee872","databaseURL":"https://sign-language-ai-78060-default-rtdb.firebaseio.com","storageBucket":"sign-language-ai-78060.firebasestorage.app","apiKey":"AIzaSyBEC9uV3-ZLetjjXrWK9nz_RCOrjFyjNlo","authDomain":"sign-language-ai-78060.firebaseapp.com","messagingSenderId":"3221341815","measurementId":"G-85YKMC51HD"}
[debug] [2024-12-05T18:52:08.727Z] Checked if tokens are valid: true, expires at: 1733427678839
[debug] [2024-12-05T18:52:08.727Z] Checked if tokens are valid: true, expires at: 1733427678839
[debug] [2024-12-05T18:52:08.727Z] >>> [apiv2][query] GET https://firebase.googleapis.com/v1beta1/projects/sign-language-ai-78060 [none]
[debug] [2024-12-05T18:52:09.045Z] <<< [apiv2][status] GET https://firebase.googleapis.com/v1beta1/projects/sign-language-ai-78060 200
[debug] [2024-12-05T18:52:09.045Z] <<< [apiv2][body] GET https://firebase.googleapis.com/v1beta1/projects/sign-language-ai-78060 {"projectId":"sign-language-ai-78060","projectNumber":"3221341815","displayName":"sign-language-ai-97f9a","name":"projects/sign-language-ai-78060","resources":{"hostingSite":"sign-language-ai-78060","realtimeDatabaseInstance":"sign-language-ai-78060-default-rtdb"},"state":"ACTIVE","etag":"1_0106c20d-db71-4e96-a3f7-cdea28ed2d05"}
[info] i  hosting[sign-language-ai-78060]: Serving hosting files from: public {"metadata":{"emulator":{"name":"hosting"},"message":"Serving hosting files from: \u001b[1mpublic\u001b[22m"}}
[info] +  hosting[sign-language-ai-78060]: Local server: http://127.0.0.1:5000 {"metadata":{"emulator":{"name":"hosting"},"message":"Local server: \u001b[4m\u001b[1mhttp://127.0.0.1:5000\u001b[22m\u001b[24m"}}
[info] i  ui: downloading ui-v1.14.0.zip... {"metadata":{"emulator":{"name":"ui"},"message":"downloading ui-v1.14.0.zip..."}}
[debug] [2024-12-05T18:52:09.081Z] >>> [apiv2][query] GET https://storage.googleapis.com/firebase-preview-drop/emulator/ui-v1.14.0.zip 
[debug] [2024-12-05T18:52:10.017Z] <<< [apiv2][status] GET https://storage.googleapis.com/firebase-preview-drop/emulator/ui-v1.14.0.zip 200
[debug] [2024-12-05T18:52:10.018Z] <<< [apiv2][body] GET https://storage.googleapis.com/firebase-preview-drop/emulator/ui-v1.14.0.zip [stream]
[debug] [2024-12-05T18:52:10.490Z] Data is 3615311
[debug] [2024-12-05T18:52:10.491Z] [unzip] Entry: client/ (compressed_size=0 bytes, uncompressed_size=0 bytes)
[debug] [2024-12-05T18:52:10.491Z] [unzip] Processing entry: client\
[debug] [2024-12-05T18:52:10.491Z] [unzip] mkdir: C:\Users\Administrator.DESKTOP-SF2G0M3\.cache\firebase\emulators\ui-v1.14.0\client\
[debug] [2024-12-05T18:52:10.491Z] [unzip] Entry: client/favicon-16x16.png (compressed_size=293 bytes, uncompressed_size=293 bytes)
[debug] [2024-12-05T18:52:10.492Z] [unzip] Processing entry: client\favicon-16x16.png
[debug] [2024-12-05T18:52:10.492Z] [unzip] else mkdir: C:\Users\Administrator.DESKTOP-SF2G0M3\.cache\firebase\emulators\ui-v1.14.0\client
[debug] [2024-12-05T18:52:10.492Z] [unzip] Writing file: C:\Users\Administrator.DESKTOP-SF2G0M3\.cache\firebase\emulators\ui-v1.14.0\client\favicon-16x16.png
[debug] [2024-12-05T18:52:10.492Z] [unzip] Entry: client/safari-pinned-tab.svg (compressed_size=1433 bytes, uncompressed_size=2611 bytes)
[debug] [2024-12-05T18:52:10.492Z] [unzip] Processing entry: client\safari-pinned-tab.svg
[debug] [2024-12-05T18:52:10.492Z] [unzip] else mkdir: C:\Users\Administrator.DESKTOP-SF2G0M3\.cache\firebase\emulators\ui-v1.14.0\client
[debug] [2024-12-05T18:52:10.493Z] [unzip] deflating: C:\Users\Administrator.DESKTOP-SF2G0M3\.cache\firebase\emulators\ui-v1.14.0\client\safari-pinned-tab.svg
[debug] [2024-12-05T18:52:10.495Z] [unzip] Entry: client/favicon.ico (compressed_size=2933 bytes, uncompressed_size=13294 bytes)
[debug] [2024-12-05T18:52:10.495Z] [unzip] Processing entry: client\favicon.ico
[debug] [2024-12-05T18:52:10.495Z] [unzip] else mkdir: C:\Users\Administrator.DESKTOP-SF2G0M3\.cache\firebase\emulators\ui-v1.14.0\client
[debug] [2024-12-05T18:52:10.495Z] [unzip] deflating: C:\Users\Administrator.DESKTOP-SF2G0M3\.cache\firebase\emulators\ui-v1.14.0\client\favicon.ico
[debug] [2024-12-05T18:52:10.496Z] [unzip] Entry: client/index.html (compressed_size=1363 bytes, uncompressed_size=3071 bytes)
[debug] [2024-12-05T18:52:10.496Z] [unzip] Processing entry: client\index.html
[debug] [2024-12-05T18:52:10.496Z] [unzip] else mkdir: C:\Users\Administrator.DESKTOP-SF2G0M3\.cache\firebase\emulators\ui-v1.14.0\client
[debug] [2024-12-05T18:52:10.496Z] [unzip] deflating: C:\Users\Administrator.DESKTOP-SF2G0M3\.cache\firebase\emulators\ui-v1.14.0\client\index.html
[debug] [2024-12-05T18:52:10.497Z] [unzip] Entry: client/android-chrome-192x192.png (compressed_size=2684 bytes, uncompressed_size=2684 bytes)
[debug] [2024-12-05T18:52:10.497Z] [unzip] Processing entry: client\android-chrome-192x192.png
[debug] [2024-12-05T18:52:10.497Z] [unzip] else mkdir: C:\Users\Administrator.DESKTOP-SF2G0M3\.cache\firebase\emulators\ui-v1.14.0\client
[debug] [2024-12-05T18:52:10.497Z] [unzip] Writing file: C:\Users\Administrator.DESKTOP-SF2G0M3\.cache\firebase\emulators\ui-v1.14.0\client\android-chrome-192x192.png
[debug] [2024-12-05T18:52:10.497Z] [unzip] Entry: client/apple-touch-icon.png (compressed_size=2123 bytes, uncompressed_size=2152 bytes)
[debug] [2024-12-05T18:52:10.497Z] [unzip] Processing entry: client\apple-touch-icon.png
[debug] [2024-12-05T18:52:10.497Z] [unzip] else mkdir: C:\Users\Administrator.DESKTOP-SF2G0M3\.cache\firebase\emulators\ui-v1.14.0\client
[debug] [2024-12-05T18:52:10.497Z] [unzip] deflating: C:\Users\Administrator.DESKTOP-SF2G0M3\.cache\firebase\emulators\ui-v1.14.0\client\apple-touch-icon.png
[debug] [2024-12-05T18:52:10.498Z] [unzip] Entry: client/android-chrome-512x512.png (compressed_size=5369 bytes, uncompressed_size=5411 bytes)
[debug] [2024-12-05T18:52:10.498Z] [unzip] Processing entry: client\android-chrome-512x512.png
[debug] [2024-12-05T18:52:10.498Z] [unzip] else mkdir: C:\Users\Administrator.DESKTOP-SF2G0M3\.cache\firebase\emulators\ui-v1.14.0\client
[debug] [2024-12-05T18:52:10.498Z] [unzip] deflating: C:\Users\Administrator.DESKTOP-SF2G0M3\.cache\firebase\emulators\ui-v1.14.0\client\android-chrome-512x512.png
[debug] [2024-12-05T18:52:10.498Z] [unzip] Entry: client/manifest.json (compressed_size=245 bytes, uncompressed_size=551 bytes)
[debug] [2024-12-05T18:52:10.498Z] [unzip] Processing entry: client\manifest.json
[debug] [2024-12-05T18:52:10.498Z] [unzip] else mkdir: C:\Users\Administrator.DESKTOP-SF2G0M3\.cache\firebase\emulators\ui-v1.14.0\client
[debug] [2024-12-05T18:52:10.499Z] [unzip] deflating: C:\Users\Administrator.DESKTOP-SF2G0M3\.cache\firebase\emulators\ui-v1.14.0\client\manifest.json
[debug] [2024-12-05T18:52:10.499Z] [unzip] Entry: client/robots.txt (compressed_size=26 bytes, uncompressed_size=26 bytes)
[debug] [2024-12-05T18:52:10.499Z] [unzip] Processing entry: client\robots.txt
[debug] [2024-12-05T18:52:10.499Z] [unzip] else mkdir: C:\Users\Administrator.DESKTOP-SF2G0M3\.cache\firebase\emulators\ui-v1.14.0\client
[debug] [2024-12-05T18:52:10.499Z] [unzip] Writing file: C:\Users\Administrator.DESKTOP-SF2G0M3\.cache\firebase\emulators\ui-v1.14.0\client\robots.txt
[debug] [2024-12-05T18:52:10.500Z] [unzip] Entry: client/mstile-150x150.png (compressed_size=2034 bytes, uncompressed_size=2034 bytes)
[debug] [2024-12-05T18:52:10.500Z] [unzip] Processing entry: client\mstile-150x150.png
[debug] [2024-12-05T18:52:10.500Z] [unzip] else mkdir: C:\Users\Administrator.DESKTOP-SF2G0M3\.cache\firebase\emulators\ui-v1.14.0\client
[debug] [2024-12-05T18:52:10.500Z] [unzip] Writing file: C:\Users\Administrator.DESKTOP-SF2G0M3\.cache\firebase\emulators\ui-v1.14.0\client\mstile-150x150.png
[debug] [2024-12-05T18:52:10.500Z] [unzip] Entry: client/assets/ (compressed_size=0 bytes, uncompressed_size=0 bytes)
[debug] [2024-12-05T18:52:10.500Z] [unzip] Processing entry: client\assets\
[debug] [2024-12-05T18:52:10.500Z] [unzip] mkdir: C:\Users\Administrator.DESKTOP-SF2G0M3\.cache\firebase\emulators\ui-v1.14.0\client\assets\
[debug] [2024-12-05T18:52:10.500Z] [unzip] Entry: client/assets/index-ClZTY_JS.js.map (compressed_size=2328270 bytes, uncompressed_size=9947004 bytes)
[debug] [2024-12-05T18:52:10.500Z] [unzip] Processing entry: client\assets\index-ClZTY_JS.js.map
[debug] [2024-12-05T18:52:10.500Z] [unzip] else mkdir: C:\Users\Administrator.DESKTOP-SF2G0M3\.cache\firebase\emulators\ui-v1.14.0\client\assets
[debug] [2024-12-05T18:52:10.500Z] [unzip] deflating: C:\Users\Administrator.DESKTOP-SF2G0M3\.cache\firebase\emulators\ui-v1.14.0\client\assets\index-ClZTY_JS.js.map
[debug] [2024-12-05T18:52:10.533Z] [unzip] Entry: client/assets/index-ClZTY_JS.js (compressed_size=567195 bytes, uncompressed_size=2035940 bytes)
[debug] [2024-12-05T18:52:10.533Z] [unzip] Processing entry: client\assets\index-ClZTY_JS.js
[debug] [2024-12-05T18:52:10.533Z] [unzip] else mkdir: C:\Users\Administrator.DESKTOP-SF2G0M3\.cache\firebase\emulators\ui-v1.14.0\client\assets
[debug] [2024-12-05T18:52:10.534Z] [unzip] deflating: C:\Users\Administrator.DESKTOP-SF2G0M3\.cache\firebase\emulators\ui-v1.14.0\client\assets\index-ClZTY_JS.js
[debug] [2024-12-05T18:52:10.540Z] [unzip] Entry: client/assets/index-BdgySamB.css (compressed_size=35979 bytes, uncompressed_size=298654 bytes)
[debug] [2024-12-05T18:52:10.540Z] [unzip] Processing entry: client\assets\index-BdgySamB.css
[debug] [2024-12-05T18:52:10.540Z] [unzip] else mkdir: C:\Users\Administrator.DESKTOP-SF2G0M3\.cache\firebase\emulators\ui-v1.14.0\client\assets
[debug] [2024-12-05T18:52:10.540Z] [unzip] deflating: C:\Users\Administrator.DESKTOP-SF2G0M3\.cache\firebase\emulators\ui-v1.14.0\client\assets\index-BdgySamB.css
[debug] [2024-12-05T18:52:10.542Z] [unzip] Entry: client/assets/extensions/ (compressed_size=0 bytes, uncompressed_size=0 bytes)
[debug] [2024-12-05T18:52:10.542Z] [unzip] Processing entry: client\assets\extensions\
[debug] [2024-12-05T18:52:10.542Z] [unzip] mkdir: C:\Users\Administrator.DESKTOP-SF2G0M3\.cache\firebase\emulators\ui-v1.14.0\client\assets\extensions\
[debug] [2024-12-05T18:52:10.542Z] [unzip] Entry: client/assets/extensions/default-extension.png (compressed_size=1646 bytes, uncompressed_size=1657 bytes)
[debug] [2024-12-05T18:52:10.542Z] [unzip] Processing entry: client\assets\extensions\default-extension.png
[debug] [2024-12-05T18:52:10.542Z] [unzip] else mkdir: C:\Users\Administrator.DESKTOP-SF2G0M3\.cache\firebase\emulators\ui-v1.14.0\client\assets\extensions
[debug] [2024-12-05T18:52:10.542Z] [unzip] deflating: C:\Users\Administrator.DESKTOP-SF2G0M3\.cache\firebase\emulators\ui-v1.14.0\client\assets\extensions\default-extension.png
[debug] [2024-12-05T18:52:10.543Z] [unzip] Entry: client/assets/img/ (compressed_size=0 bytes, uncompressed_size=0 bytes)
[debug] [2024-12-05T18:52:10.543Z] [unzip] Processing entry: client\assets\img\
[debug] [2024-12-05T18:52:10.543Z] [unzip] mkdir: C:\Users\Administrator.DESKTOP-SF2G0M3\.cache\firebase\emulators\ui-v1.14.0\client\assets\img\
[debug] [2024-12-05T18:52:10.543Z] [unzip] Entry: client/assets/img/database.png (compressed_size=29449 bytes, uncompressed_size=29988 bytes)
[debug] [2024-12-05T18:52:10.543Z] [unzip] Processing entry: client\assets\img\database.png
[debug] [2024-12-05T18:52:10.543Z] [unzip] else mkdir: C:\Users\Administrator.DESKTOP-SF2G0M3\.cache\firebase\emulators\ui-v1.14.0\client\assets\img
[debug] [2024-12-05T18:52:10.543Z] [unzip] deflating: C:\Users\Administrator.DESKTOP-SF2G0M3\.cache\firebase\emulators\ui-v1.14.0\client\assets\img\database.png
[debug] [2024-12-05T18:52:10.543Z] [unzip] Entry: client/assets/provider-icons/ (compressed_size=0 bytes, uncompressed_size=0 bytes)
[debug] [2024-12-05T18:52:10.543Z] [unzip] Processing entry: client\assets\provider-icons\
[debug] [2024-12-05T18:52:10.543Z] [unzip] mkdir: C:\Users\Administrator.DESKTOP-SF2G0M3\.cache\firebase\emulators\ui-v1.14.0\client\assets\provider-icons\
[debug] [2024-12-05T18:52:10.543Z] [unzip] Entry: client/assets/provider-icons/auth_service_saml.svg (compressed_size=575 bytes, uncompressed_size=1226 bytes)
[debug] [2024-12-05T18:52:10.543Z] [unzip] Processing entry: client\assets\provider-icons\auth_service_saml.svg
[debug] [2024-12-05T18:52:10.543Z] [unzip] else mkdir: C:\Users\Administrator.DESKTOP-SF2G0M3\.cache\firebase\emulators\ui-v1.14.0\client\assets\provider-icons
[debug] [2024-12-05T18:52:10.544Z] [unzip] deflating: C:\Users\Administrator.DESKTOP-SF2G0M3\.cache\firebase\emulators\ui-v1.14.0\client\assets\provider-icons\auth_service_saml.svg
[debug] [2024-12-05T18:52:10.544Z] [unzip] Entry: client/assets/provider-icons/auth_service_phone.svg (compressed_size=261 bytes, uncompressed_size=414 bytes)
[debug] [2024-12-05T18:52:10.544Z] [unzip] Processing entry: client\assets\provider-icons\auth_service_phone.svg
[debug] [2024-12-05T18:52:10.544Z] [unzip] else mkdir: C:\Users\Administrator.DESKTOP-SF2G0M3\.cache\firebase\emulators\ui-v1.14.0\client\assets\provider-icons
[debug] [2024-12-05T18:52:10.544Z] [unzip] deflating: C:\Users\Administrator.DESKTOP-SF2G0M3\.cache\firebase\emulators\ui-v1.14.0\client\assets\provider-icons\auth_service_phone.svg
[debug] [2024-12-05T18:52:10.544Z] [unzip] Entry: client/assets/provider-icons/auth_service_facebook.svg (compressed_size=289 bytes, uncompressed_size=457 bytes)
[debug] [2024-12-05T18:52:10.544Z] [unzip] Processing entry: client\assets\provider-icons\auth_service_facebook.svg
[debug] [2024-12-05T18:52:10.544Z] [unzip] else mkdir: C:\Users\Administrator.DESKTOP-SF2G0M3\.cache\firebase\emulators\ui-v1.14.0\client\assets\provider-icons
[debug] [2024-12-05T18:52:10.544Z] [unzip] deflating: C:\Users\Administrator.DESKTOP-SF2G0M3\.cache\firebase\emulators\ui-v1.14.0\client\assets\provider-icons\auth_service_facebook.svg
[debug] [2024-12-05T18:52:10.545Z] [unzip] Entry: client/assets/provider-icons/auth_service_game_center.svg (compressed_size=991 bytes, uncompressed_size=3921 bytes)
[debug] [2024-12-05T18:52:10.545Z] [unzip] Processing entry: client\assets\provider-icons\auth_service_game_center.svg
[debug] [2024-12-05T18:52:10.545Z] [unzip] else mkdir: C:\Users\Administrator.DESKTOP-SF2G0M3\.cache\firebase\emulators\ui-v1.14.0\client\assets\provider-icons
[debug] [2024-12-05T18:52:10.545Z] [unzip] deflating: C:\Users\Administrator.DESKTOP-SF2G0M3\.cache\firebase\emulators\ui-v1.14.0\client\assets\provider-icons\auth_service_game_center.svg
[debug] [2024-12-05T18:52:10.545Z] [unzip] Entry: client/assets/provider-icons/auth_service_apple.svg (compressed_size=230 bytes, uncompressed_size=334 bytes)
[debug] [2024-12-05T18:52:10.545Z] [unzip] Processing entry: client\assets\provider-icons\auth_service_apple.svg
[debug] [2024-12-05T18:52:10.545Z] [unzip] else mkdir: C:\Users\Administrator.DESKTOP-SF2G0M3\.cache\firebase\emulators\ui-v1.14.0\client\assets\provider-icons
[debug] [2024-12-05T18:52:10.545Z] [unzip] deflating: C:\Users\Administrator.DESKTOP-SF2G0M3\.cache\firebase\emulators\ui-v1.14.0\client\assets\provider-icons\auth_service_apple.svg
[debug] [2024-12-05T18:52:10.546Z] [unzip] Entry: client/assets/provider-icons/auth_service_github.svg (compressed_size=466 bytes, uncompressed_size=838 bytes)
[debug] [2024-12-05T18:52:10.546Z] [unzip] Processing entry: client\assets\provider-icons\auth_service_github.svg
[debug] [2024-12-05T18:52:10.546Z] [unzip] else mkdir: C:\Users\Administrator.DESKTOP-SF2G0M3\.cache\firebase\emulators\ui-v1.14.0\client\assets\provider-icons
[debug] [2024-12-05T18:52:10.546Z] [unzip] deflating: C:\Users\Administrator.DESKTOP-SF2G0M3\.cache\firebase\emulators\ui-v1.14.0\client\assets\provider-icons\auth_service_github.svg
[debug] [2024-12-05T18:52:10.546Z] [unzip] Entry: client/assets/provider-icons/auth_service_mslive.svg (compressed_size=203 bytes, uncompressed_size=378 bytes)
[debug] [2024-12-05T18:52:10.546Z] [unzip] Processing entry: client\assets\provider-icons\auth_service_mslive.svg
[debug] [2024-12-05T18:52:10.546Z] [unzip] else mkdir: C:\Users\Administrator.DESKTOP-SF2G0M3\.cache\firebase\emulators\ui-v1.14.0\client\assets\provider-icons
[debug] [2024-12-05T18:52:10.546Z] [unzip] deflating: C:\Users\Administrator.DESKTOP-SF2G0M3\.cache\firebase\emulators\ui-v1.14.0\client\assets\provider-icons\auth_service_mslive.svg
[debug] [2024-12-05T18:52:10.547Z] [unzip] Entry: client/assets/provider-icons/auth_service_yahoo.svg (compressed_size=577 bytes, uncompressed_size=1182 bytes)
[debug] [2024-12-05T18:52:10.547Z] [unzip] Processing entry: client\assets\provider-icons\auth_service_yahoo.svg
[debug] [2024-12-05T18:52:10.547Z] [unzip] else mkdir: C:\Users\Administrator.DESKTOP-SF2G0M3\.cache\firebase\emulators\ui-v1.14.0\client\assets\provider-icons
[debug] [2024-12-05T18:52:10.547Z] [unzip] deflating: C:\Users\Administrator.DESKTOP-SF2G0M3\.cache\firebase\emulators\ui-v1.14.0\client\assets\provider-icons\auth_service_yahoo.svg
[debug] [2024-12-05T18:52:10.547Z] [unzip] Entry: client/assets/provider-icons/auth_service_twitter.svg (compressed_size=444 bytes, uncompressed_size=751 bytes)
[debug] [2024-12-05T18:52:10.547Z] [unzip] Processing entry: client\assets\provider-icons\auth_service_twitter.svg
[debug] [2024-12-05T18:52:10.547Z] [unzip] else mkdir: C:\Users\Administrator.DESKTOP-SF2G0M3\.cache\firebase\emulators\ui-v1.14.0\client\assets\provider-icons
[debug] [2024-12-05T18:52:10.548Z] [unzip] deflating: C:\Users\Administrator.DESKTOP-SF2G0M3\.cache\firebase\emulators\ui-v1.14.0\client\assets\provider-icons\auth_service_twitter.svg
[debug] [2024-12-05T18:52:10.548Z] [unzip] Entry: client/assets/provider-icons/auth_service_play_games.svg (compressed_size=565 bytes, uncompressed_size=1173 bytes)
[debug] [2024-12-05T18:52:10.548Z] [unzip] Processing entry: client\assets\provider-icons\auth_service_play_games.svg
[debug] [2024-12-05T18:52:10.548Z] [unzip] else mkdir: C:\Users\Administrator.DESKTOP-SF2G0M3\.cache\firebase\emulators\ui-v1.14.0\client\assets\provider-icons
[debug] [2024-12-05T18:52:10.548Z] [unzip] deflating: C:\Users\Administrator.DESKTOP-SF2G0M3\.cache\firebase\emulators\ui-v1.14.0\client\assets\provider-icons\auth_service_play_games.svg
[debug] [2024-12-05T18:52:10.549Z] [unzip] Entry: client/assets/provider-icons/auth_service_email.svg (compressed_size=228 bytes, uncompressed_size=326 bytes)
[debug] [2024-12-05T18:52:10.549Z] [unzip] Processing entry: client\assets\provider-icons\auth_service_email.svg
[debug] [2024-12-05T18:52:10.549Z] [unzip] else mkdir: C:\Users\Administrator.DESKTOP-SF2G0M3\.cache\firebase\emulators\ui-v1.14.0\client\assets\provider-icons
[debug] [2024-12-05T18:52:10.549Z] [unzip] deflating: C:\Users\Administrator.DESKTOP-SF2G0M3\.cache\firebase\emulators\ui-v1.14.0\client\assets\provider-icons\auth_service_email.svg
[debug] [2024-12-05T18:52:10.549Z] [unzip] Entry: client/assets/provider-icons/auth_service_google.svg (compressed_size=409 bytes, uncompressed_size=720 bytes)
[debug] [2024-12-05T18:52:10.549Z] [unzip] Processing entry: client\assets\provider-icons\auth_service_google.svg
[debug] [2024-12-05T18:52:10.549Z] [unzip] else mkdir: C:\Users\Administrator.DESKTOP-SF2G0M3\.cache\firebase\emulators\ui-v1.14.0\client\assets\provider-icons
[debug] [2024-12-05T18:52:10.549Z] [unzip] deflating: C:\Users\Administrator.DESKTOP-SF2G0M3\.cache\firebase\emulators\ui-v1.14.0\client\assets\provider-icons\auth_service_google.svg
[debug] [2024-12-05T18:52:10.550Z] [unzip] Entry: client/assets/provider-icons/auth_service_oidc.svg (compressed_size=414 bytes, uncompressed_size=858 bytes)
[debug] [2024-12-05T18:52:10.550Z] [unzip] Processing entry: client\assets\provider-icons\auth_service_oidc.svg
[debug] [2024-12-05T18:52:10.550Z] [unzip] else mkdir: C:\Users\Administrator.DESKTOP-SF2G0M3\.cache\firebase\emulators\ui-v1.14.0\client\assets\provider-icons
[debug] [2024-12-05T18:52:10.550Z] [unzip] deflating: C:\Users\Administrator.DESKTOP-SF2G0M3\.cache\firebase\emulators\ui-v1.14.0\client\assets\provider-icons\auth_service_oidc.svg
[debug] [2024-12-05T18:52:10.550Z] [unzip] Entry: client/browserconfig.xml (compressed_size=491 bytes, uncompressed_size=822 bytes)
[debug] [2024-12-05T18:52:10.550Z] [unzip] Processing entry: client\browserconfig.xml
[debug] [2024-12-05T18:52:10.550Z] [unzip] else mkdir: C:\Users\Administrator.DESKTOP-SF2G0M3\.cache\firebase\emulators\ui-v1.14.0\client
[debug] [2024-12-05T18:52:10.550Z] [unzip] deflating: C:\Users\Administrator.DESKTOP-SF2G0M3\.cache\firebase\emulators\ui-v1.14.0\client\browserconfig.xml
[debug] [2024-12-05T18:52:10.550Z] [unzip] Entry: client/favicon-32x32.png (compressed_size=475 bytes, uncompressed_size=475 bytes)
[debug] [2024-12-05T18:52:10.550Z] [unzip] Processing entry: client\favicon-32x32.png
[debug] [2024-12-05T18:52:10.550Z] [unzip] else mkdir: C:\Users\Administrator.DESKTOP-SF2G0M3\.cache\firebase\emulators\ui-v1.14.0\client
[debug] [2024-12-05T18:52:10.550Z] [unzip] Writing file: C:\Users\Administrator.DESKTOP-SF2G0M3\.cache\firebase\emulators\ui-v1.14.0\client\favicon-32x32.png
[debug] [2024-12-05T18:52:10.551Z] [unzip] Entry: server/ (compressed_size=0 bytes, uncompressed_size=0 bytes)
[debug] [2024-12-05T18:52:10.551Z] [unzip] Processing entry: server\
[debug] [2024-12-05T18:52:10.551Z] [unzip] mkdir: C:\Users\Administrator.DESKTOP-SF2G0M3\.cache\firebase\emulators\ui-v1.14.0\server\
[debug] [2024-12-05T18:52:10.551Z] [unzip] Entry: server/server.mjs.map (compressed_size=296496 bytes, uncompressed_size=1355667 bytes)
[debug] [2024-12-05T18:52:10.551Z] [unzip] Processing entry: server\server.mjs.map
[debug] [2024-12-05T18:52:10.551Z] [unzip] else mkdir: C:\Users\Administrator.DESKTOP-SF2G0M3\.cache\firebase\emulators\ui-v1.14.0\server
[debug] [2024-12-05T18:52:10.551Z] [unzip] deflating: C:\Users\Administrator.DESKTOP-SF2G0M3\.cache\firebase\emulators\ui-v1.14.0\server\server.mjs.map
[debug] [2024-12-05T18:52:10.554Z] [unzip] Entry: server/server.mjs (compressed_size=315701 bytes, uncompressed_size=1172682 bytes)
[debug] [2024-12-05T18:52:10.554Z] [unzip] Processing entry: server\server.mjs
[debug] [2024-12-05T18:52:10.554Z] [unzip] else mkdir: C:\Users\Administrator.DESKTOP-SF2G0M3\.cache\firebase\emulators\ui-v1.14.0\server
[debug] [2024-12-05T18:52:10.554Z] [unzip] deflating: C:\Users\Administrator.DESKTOP-SF2G0M3\.cache\firebase\emulators\ui-v1.14.0\server\server.mjs
[debug] [2024-12-05T18:52:10.557Z] [unzip] Entry: server/assets/ (compressed_size=0 bytes, uncompressed_size=0 bytes)
[debug] [2024-12-05T18:52:10.557Z] [unzip] Processing entry: server\assets\
[debug] [2024-12-05T18:52:10.557Z] [unzip] mkdir: C:\Users\Administrator.DESKTOP-SF2G0M3\.cache\firebase\emulators\ui-v1.14.0\server\assets\
[debug] [2024-12-05T18:52:10.558Z] [unzip] Entry: server/assets/multipart-parser-DGCUZdXu.mjs.map (compressed_size=4791 bytes, uncompressed_size=17918 bytes)
[debug] [2024-12-05T18:52:10.558Z] [unzip] Processing entry: server\assets\multipart-parser-DGCUZdXu.mjs.map
[debug] [2024-12-05T18:52:10.558Z] [unzip] else mkdir: C:\Users\Administrator.DESKTOP-SF2G0M3\.cache\firebase\emulators\ui-v1.14.0\server\assets
[debug] [2024-12-05T18:52:10.558Z] [unzip] deflating: C:\Users\Administrator.DESKTOP-SF2G0M3\.cache\firebase\emulators\ui-v1.14.0\server\assets\multipart-parser-DGCUZdXu.mjs.map
[debug] [2024-12-05T18:52:10.558Z] [unzip] Entry: server/assets/multipart-parser-DGCUZdXu.mjs (compressed_size=2621 bytes, uncompressed_size=10390 bytes)
[debug] [2024-12-05T18:52:10.558Z] [unzip] Processing entry: server\assets\multipart-parser-DGCUZdXu.mjs
[debug] [2024-12-05T18:52:10.558Z] [unzip] else mkdir: C:\Users\Administrator.DESKTOP-SF2G0M3\.cache\firebase\emulators\ui-v1.14.0\server\assets
[debug] [2024-12-05T18:52:10.558Z] [unzip] deflating: C:\Users\Administrator.DESKTOP-SF2G0M3\.cache\firebase\emulators\ui-v1.14.0\server\assets\multipart-parser-DGCUZdXu.mjs
[debug] [2024-12-05T18:52:10.564Z] Could not find VSCode notification endpoint: FetchError: request to http://localhost:40001/vscode/notify failed, reason: . If you are not running the Firebase Data Connect VSCode extension, this is expected and not an issue.
[info] 
┌─────────────────────────────────────────────────────────────┐
│ ✔  All emulators ready! It is now safe to connect your app. │
│ i  View Emulator UI at http://127.0.0.1:4000/               │
└─────────────────────────────────────────────────────────────┘

┌──────────┬────────────────┬───────────────────────────────┐
│ Emulator │ Host:Port      │ View in Emulator UI           │
├──────────┼────────────────┼───────────────────────────────┤
│ Hosting  │ 127.0.0.1:5000 │ n/a                           │
├──────────┼────────────────┼───────────────────────────────┤
│ Storage  │ 127.0.0.1:9199 │ http://127.0.0.1:4000/storage │
└──────────┴────────────────┴───────────────────────────────┘
  Emulator Hub running at 127.0.0.1:4400
  Other reserved ports: 4500

Issues? Report them at https://github.com/firebase/firebase-tools/issues and attach the *-debug.log files.
 
